c:\users\jense\desktop\sem2\2dae07_eeckhout_jens_engine\2dae07_prog4_eeckhout_jens\engine\minigin\x64\debug\minigin.pch
c:\users\jense\desktop\sem2\2dae07_eeckhout_jens_engine\2dae07_prog4_eeckhout_jens\engine\minigin\x64\debug\minigin.pdb
c:\users\jense\desktop\sem2\2dae07_eeckhout_jens_engine\2dae07_prog4_eeckhout_jens\engine\minigin\x64\debug\minigin.idb
c:\users\jense\desktop\sem2\2dae07_eeckhout_jens_engine\2dae07_prog4_eeckhout_jens\engine\minigin\x64\debug\miniginpch.obj
c:\users\jense\desktop\sem2\2dae07_eeckhout_jens_engine\2dae07_prog4_eeckhout_jens\engine\minigin\x64\debug\resourcemanager.obj
c:\users\jense\desktop\sem2\2dae07_eeckhout_jens_engine\2dae07_prog4_eeckhout_jens\engine\minigin\x64\debug\renderer.obj
c:\users\jense\desktop\sem2\2dae07_eeckhout_jens_engine\2dae07_prog4_eeckhout_jens\engine\minigin\x64\debug\releasedcommand.obj
c:\users\jense\desktop\sem2\2dae07_eeckhout_jens_engine\2dae07_prog4_eeckhout_jens\engine\minigin\x64\debug\minigin.obj
c:\users\jense\desktop\sem2\2dae07_eeckhout_jens_engine\2dae07_prog4_eeckhout_jens\engine\minigin\x64\debug\log.obj
c:\users\jense\desktop\sem2\2dae07_eeckhout_jens_engine\2dae07_prog4_eeckhout_jens\engine\minigin\x64\debug\locator.obj
c:\users\jense\desktop\sem2\2dae07_eeckhout_jens_engine\2dae07_prog4_eeckhout_jens\engine\minigin\x64\debug\keyboardbutton.obj
c:\users\jense\desktop\sem2\2dae07_eeckhout_jens_engine\2dae07_prog4_eeckhout_jens\engine\minigin\x64\debug\inputmanager.obj
c:\users\jense\desktop\sem2\2dae07_eeckhout_jens_engine\2dae07_prog4_eeckhout_jens\engine\minigin\x64\debug\inputcomponent.obj
c:\users\jense\desktop\sem2\2dae07_eeckhout_jens_engine\2dae07_prog4_eeckhout_jens\engine\minigin\x64\debug\gameobject.obj
c:\users\jense\desktop\sem2\2dae07_eeckhout_jens_engine\2dae07_prog4_eeckhout_jens\engine\minigin\x64\debug\fpscomponent.obj
c:\users\jense\desktop\sem2\2dae07_eeckhout_jens_engine\2dae07_prog4_eeckhout_jens\engine\minigin\x64\debug\font.obj
c:\users\jense\desktop\sem2\2dae07_eeckhout_jens_engine\2dae07_prog4_eeckhout_jens\engine\minigin\x64\debug\controllerbutton.obj
c:\users\jense\desktop\sem2\2dae07_eeckhout_jens_engine\2dae07_prog4_eeckhout_jens\engine\minigin\x64\debug\collisioncomponent.obj
c:\users\jense\desktop\sem2\2dae07_eeckhout_jens_engine\2dae07_prog4_eeckhout_jens\engine\minigin\x64\debug\binarywriter.obj
c:\users\jense\desktop\sem2\2dae07_eeckhout_jens_engine\2dae07_prog4_eeckhout_jens\engine\minigin\x64\debug\binaryreader.obj
c:\users\jense\desktop\sem2\2dae07_eeckhout_jens_engine\2dae07_prog4_eeckhout_jens\engine\minigin\x64\debug\basesubject.obj
c:\users\jense\desktop\sem2\2dae07_eeckhout_jens_engine\2dae07_prog4_eeckhout_jens\engine\minigin\x64\debug\baseobserver.obj
c:\users\jense\desktop\sem2\2dae07_eeckhout_jens_engine\2dae07_prog4_eeckhout_jens\engine\minigin\x64\debug\basecomponent.obj
c:\users\jense\desktop\sem2\2dae07_eeckhout_jens_engine\2dae07_prog4_eeckhout_jens\engine\minigin\x64\debug\basebutton.obj
c:\users\jense\desktop\sem2\2dae07_eeckhout_jens_engine\2dae07_prog4_eeckhout_jens\engine\minigin\x64\debug\transform.obj
c:\users\jense\desktop\sem2\2dae07_eeckhout_jens_engine\2dae07_prog4_eeckhout_jens\engine\minigin\x64\debug\texturecomponent.obj
c:\users\jense\desktop\sem2\2dae07_eeckhout_jens_engine\2dae07_prog4_eeckhout_jens\engine\minigin\x64\debug\texture2d.obj
c:\users\jense\desktop\sem2\2dae07_eeckhout_jens_engine\2dae07_prog4_eeckhout_jens\engine\minigin\x64\debug\textobject.obj
c:\users\jense\desktop\sem2\2dae07_eeckhout_jens_engine\2dae07_prog4_eeckhout_jens\engine\minigin\x64\debug\statecomponent.obj
c:\users\jense\desktop\sem2\2dae07_eeckhout_jens_engine\2dae07_prog4_eeckhout_jens\engine\minigin\x64\debug\scenemanager.obj
c:\users\jense\desktop\sem2\2dae07_eeckhout_jens_engine\2dae07_prog4_eeckhout_jens\engine\minigin\x64\debug\scene.obj
c:\users\jense\desktop\sem2\2dae07_eeckhout_jens_engine\2dae07_prog4_eeckhout_jens\engine\x64\debug\minigin.lib
c:\users\jense\desktop\sem2\2dae07_eeckhout_jens_engine\2dae07_prog4_eeckhout_jens\engine\x64\debug\minigin.pdb
c:\users\jense\desktop\sem2\2dae07_eeckhout_jens_engine\2dae07_prog4_eeckhout_jens\engine\minigin\x64\debug\minigin.tlog\cl.command.1.tlog
c:\users\jense\desktop\sem2\2dae07_eeckhout_jens_engine\2dae07_prog4_eeckhout_jens\engine\minigin\x64\debug\minigin.tlog\cl.read.1.tlog
c:\users\jense\desktop\sem2\2dae07_eeckhout_jens_engine\2dae07_prog4_eeckhout_jens\engine\minigin\x64\debug\minigin.tlog\cl.write.1.tlog
c:\users\jense\desktop\sem2\2dae07_eeckhout_jens_engine\2dae07_prog4_eeckhout_jens\engine\minigin\x64\debug\minigin.tlog\lib-link.read.1.tlog
c:\users\jense\desktop\sem2\2dae07_eeckhout_jens_engine\2dae07_prog4_eeckhout_jens\engine\minigin\x64\debug\minigin.tlog\lib-link.write.1.tlog
c:\users\jense\desktop\sem2\2dae07_eeckhout_jens_engine\2dae07_prog4_eeckhout_jens\engine\minigin\x64\debug\minigin.tlog\lib.command.1.tlog
