  MiniginPCH.cpp
  BaseButton.cpp
  BaseComponent.cpp
  BaseObserver.cpp
  BaseSubject.cpp
  BinaryReader.cpp
  BinaryWriter.cpp
  CollisionComponent.cpp
  ControllerButton.cpp
  Font.cpp
  FPSComponent.cpp
  GameObject.cpp
  InputComponent.cpp
  InputManager.cpp
  KeyboardButton.cpp
  Locator.cpp
  Log.cpp
  Minigin.cpp
  ReleasedCommand.cpp
  Renderer.cpp
  ResourceManager.cpp
  Generating Code...
  Compiling...
  Scene.cpp
  SceneManager.cpp
  StateComponent.cpp
  TextObject.cpp
  Texture2D.cpp
  TextureComponent.cpp
  Transform.cpp
  Generating Code...
  Minigin.vcxproj -> C:\Users\jense\Documents\GitHub\Engine\Win32\Debug\Minigin.lib
  C:\Users\jense\Documents\GitHub\Engine\3rdParty\SDL2\lib\x86\SDL2.dll
  1 File(s) copied
  C:\Users\jense\Documents\GitHub\Engine\3rdParty\SDL2_image\lib\x86\libjpeg-9.dll
  C:\Users\jense\Documents\GitHub\Engine\3rdParty\SDL2_image\lib\x86\libpng16-16.dll
  C:\Users\jense\Documents\GitHub\Engine\3rdParty\SDL2_image\lib\x86\libtiff-5.dll
  C:\Users\jense\Documents\GitHub\Engine\3rdParty\SDL2_image\lib\x86\libwebp-7.dll
  C:\Users\jense\Documents\GitHub\Engine\3rdParty\SDL2_image\lib\x86\SDL2_image.dll
  C:\Users\jense\Documents\GitHub\Engine\3rdParty\SDL2_image\lib\x86\zlib1.dll
  6 File(s) copied
  C:\Users\jense\Documents\GitHub\Engine\3rdParty\SDL2_ttf\lib\x86\libfreetype-6.dll
  C:\Users\jense\Documents\GitHub\Engine\3rdParty\SDL2_ttf\lib\x86\SDL2_ttf.dll
  2 File(s) copied
  C:\Users\jense\Documents\GitHub\Engine\3rdParty\SDL2_mixer-2.0.4\lib\x86\libFLAC-8.dll
  C:\Users\jense\Documents\GitHub\Engine\3rdParty\SDL2_mixer-2.0.4\lib\x86\libmodplug-1.dll
  C:\Users\jense\Documents\GitHub\Engine\3rdParty\SDL2_mixer-2.0.4\lib\x86\libmpg123-0.dll
  C:\Users\jense\Documents\GitHub\Engine\3rdParty\SDL2_mixer-2.0.4\lib\x86\libogg-0.dll
  C:\Users\jense\Documents\GitHub\Engine\3rdParty\SDL2_mixer-2.0.4\lib\x86\libopus-0.dll
  C:\Users\jense\Documents\GitHub\Engine\3rdParty\SDL2_mixer-2.0.4\lib\x86\libopusfile-0.dll
  C:\Users\jense\Documents\GitHub\Engine\3rdParty\SDL2_mixer-2.0.4\lib\x86\libvorbis-0.dll
  C:\Users\jense\Documents\GitHub\Engine\3rdParty\SDL2_mixer-2.0.4\lib\x86\libvorbisfile-3.dll
  C:\Users\jense\Documents\GitHub\Engine\3rdParty\SDL2_mixer-2.0.4\lib\x86\SDL2_mixer.dll
  9 File(s) copied
