  Block.cpp
  Bubble.cpp
  BubbleBobbleScene.cpp
  FireBall.cpp
  FireCommand.cpp
  Grid.cpp
  Item.cpp
  JumpCommand.cpp
  LeftCommand.cpp
  Level.cpp
  main.cpp
  MaitaComponent.cpp
  PlayerCharacter.cpp
  RightCommand.cpp
  Score.cpp
  ScoreObserver.cpp
  TypeComponent.cpp
  ZenChanComponent.cpp
  Generating Code...
  BubbleBobble.vcxproj -> C:\Users\jense\Documents\GitHub\Engine\Debug\BubbleBobble.exe
  C:\Users\jense\Documents\GitHub\Engine\3rdParty\SDL2\lib\x86\SDL2.dll
  1 File(s) copied
  C:\Users\jense\Documents\GitHub\Engine\3rdParty\SDL2_image\lib\x86\libjpeg-9.dll
  C:\Users\jense\Documents\GitHub\Engine\3rdParty\SDL2_image\lib\x86\libpng16-16.dll
  C:\Users\jense\Documents\GitHub\Engine\3rdParty\SDL2_image\lib\x86\libtiff-5.dll
  C:\Users\jense\Documents\GitHub\Engine\3rdParty\SDL2_image\lib\x86\libwebp-7.dll
  C:\Users\jense\Documents\GitHub\Engine\3rdParty\SDL2_image\lib\x86\SDL2_image.dll
  C:\Users\jense\Documents\GitHub\Engine\3rdParty\SDL2_image\lib\x86\zlib1.dll
  6 File(s) copied
  C:\Users\jense\Documents\GitHub\Engine\3rdParty\SDL2_ttf\lib\x86\libfreetype-6.dll
  C:\Users\jense\Documents\GitHub\Engine\3rdParty\SDL2_ttf\lib\x86\SDL2_ttf.dll
  2 File(s) copied
  C:\Users\jense\Documents\GitHub\Engine\3rdParty\SDL2_mixer-2.0.4\lib\x86\libFLAC-8.dll
  C:\Users\jense\Documents\GitHub\Engine\3rdParty\SDL2_mixer-2.0.4\lib\x86\libmodplug-1.dll
  C:\Users\jense\Documents\GitHub\Engine\3rdParty\SDL2_mixer-2.0.4\lib\x86\libmpg123-0.dll
  C:\Users\jense\Documents\GitHub\Engine\3rdParty\SDL2_mixer-2.0.4\lib\x86\libogg-0.dll
  C:\Users\jense\Documents\GitHub\Engine\3rdParty\SDL2_mixer-2.0.4\lib\x86\libopus-0.dll
  C:\Users\jense\Documents\GitHub\Engine\3rdParty\SDL2_mixer-2.0.4\lib\x86\libopusfile-0.dll
  C:\Users\jense\Documents\GitHub\Engine\3rdParty\SDL2_mixer-2.0.4\lib\x86\libvorbis-0.dll
  C:\Users\jense\Documents\GitHub\Engine\3rdParty\SDL2_mixer-2.0.4\lib\x86\libvorbisfile-3.dll
  C:\Users\jense\Documents\GitHub\Engine\3rdParty\SDL2_mixer-2.0.4\lib\x86\SDL2_mixer.dll
  9 File(s) copied
