c:\users\jense\desktop\sem2\2dae07_eeckhout_jens_engine\2dae07_prog4_eeckhout_jens\engine\bubblebobble\x64\debug\vc142.pdb
c:\users\jense\desktop\sem2\2dae07_eeckhout_jens_engine\2dae07_prog4_eeckhout_jens\engine\bubblebobble\x64\debug\vc142.idb
c:\users\jense\desktop\sem2\2dae07_eeckhout_jens_engine\2dae07_prog4_eeckhout_jens\engine\bubblebobble\x64\debug\zenchancomponent.obj
c:\users\jense\desktop\sem2\2dae07_eeckhout_jens_engine\2dae07_prog4_eeckhout_jens\engine\bubblebobble\x64\debug\typecomponent.obj
c:\users\jense\desktop\sem2\2dae07_eeckhout_jens_engine\2dae07_prog4_eeckhout_jens\engine\bubblebobble\x64\debug\scoreobserver.obj
c:\users\jense\desktop\sem2\2dae07_eeckhout_jens_engine\2dae07_prog4_eeckhout_jens\engine\bubblebobble\x64\debug\score.obj
c:\users\jense\desktop\sem2\2dae07_eeckhout_jens_engine\2dae07_prog4_eeckhout_jens\engine\bubblebobble\x64\debug\rightcommand.obj
c:\users\jense\desktop\sem2\2dae07_eeckhout_jens_engine\2dae07_prog4_eeckhout_jens\engine\bubblebobble\x64\debug\playercharacter.obj
c:\users\jense\desktop\sem2\2dae07_eeckhout_jens_engine\2dae07_prog4_eeckhout_jens\engine\bubblebobble\x64\debug\maitacomponent.obj
c:\users\jense\desktop\sem2\2dae07_eeckhout_jens_engine\2dae07_prog4_eeckhout_jens\engine\bubblebobble\x64\debug\main.obj
c:\users\jense\desktop\sem2\2dae07_eeckhout_jens_engine\2dae07_prog4_eeckhout_jens\engine\bubblebobble\x64\debug\level.obj
c:\users\jense\desktop\sem2\2dae07_eeckhout_jens_engine\2dae07_prog4_eeckhout_jens\engine\bubblebobble\x64\debug\leftcommand.obj
c:\users\jense\desktop\sem2\2dae07_eeckhout_jens_engine\2dae07_prog4_eeckhout_jens\engine\bubblebobble\x64\debug\jumpcommand.obj
c:\users\jense\desktop\sem2\2dae07_eeckhout_jens_engine\2dae07_prog4_eeckhout_jens\engine\bubblebobble\x64\debug\item.obj
c:\users\jense\desktop\sem2\2dae07_eeckhout_jens_engine\2dae07_prog4_eeckhout_jens\engine\bubblebobble\x64\debug\grid.obj
c:\users\jense\desktop\sem2\2dae07_eeckhout_jens_engine\2dae07_prog4_eeckhout_jens\engine\bubblebobble\x64\debug\firecommand.obj
c:\users\jense\desktop\sem2\2dae07_eeckhout_jens_engine\2dae07_prog4_eeckhout_jens\engine\bubblebobble\x64\debug\fireball.obj
c:\users\jense\desktop\sem2\2dae07_eeckhout_jens_engine\2dae07_prog4_eeckhout_jens\engine\bubblebobble\x64\debug\bubblebobblescene.obj
c:\users\jense\desktop\sem2\2dae07_eeckhout_jens_engine\2dae07_prog4_eeckhout_jens\engine\bubblebobble\x64\debug\bubble.obj
c:\users\jense\desktop\sem2\2dae07_eeckhout_jens_engine\2dae07_prog4_eeckhout_jens\engine\bubblebobble\x64\debug\block.obj
c:\users\jense\desktop\sem2\2dae07_eeckhout_jens_engine\2dae07_prog4_eeckhout_jens\engine\x64\debug\bubblebobble.ilk
c:\users\jense\desktop\sem2\2dae07_eeckhout_jens_engine\2dae07_prog4_eeckhout_jens\engine\x64\debug\bubblebobble.exe
c:\users\jense\desktop\sem2\2dae07_eeckhout_jens_engine\2dae07_prog4_eeckhout_jens\engine\x64\debug\bubblebobble.pdb
c:\users\jense\desktop\sem2\2dae07_eeckhout_jens_engine\2dae07_prog4_eeckhout_jens\engine\bubblebobble\x64\debug\bubblebobble.tlog\cl.command.1.tlog
c:\users\jense\desktop\sem2\2dae07_eeckhout_jens_engine\2dae07_prog4_eeckhout_jens\engine\bubblebobble\x64\debug\bubblebobble.tlog\cl.read.1.tlog
c:\users\jense\desktop\sem2\2dae07_eeckhout_jens_engine\2dae07_prog4_eeckhout_jens\engine\bubblebobble\x64\debug\bubblebobble.tlog\cl.write.1.tlog
c:\users\jense\desktop\sem2\2dae07_eeckhout_jens_engine\2dae07_prog4_eeckhout_jens\engine\bubblebobble\x64\debug\bubblebobble.tlog\link.command.1.tlog
c:\users\jense\desktop\sem2\2dae07_eeckhout_jens_engine\2dae07_prog4_eeckhout_jens\engine\bubblebobble\x64\debug\bubblebobble.tlog\link.read.1.tlog
c:\users\jense\desktop\sem2\2dae07_eeckhout_jens_engine\2dae07_prog4_eeckhout_jens\engine\bubblebobble\x64\debug\bubblebobble.tlog\link.write.1.tlog
